Symlinking /home/nvidia/jetsonbot_ws/devel/share/roseus/ros/ca_msgs/manifest.l
Symlinking /home/nvidia/jetsonbot_ws/devel/share/roseus/ros/ca_msgs/msg/DefineSong.l
Symlinking /home/nvidia/jetsonbot_ws/devel/share/roseus/ros/ca_msgs/msg/ChargingState.l
Symlinking /home/nvidia/jetsonbot_ws/devel/share/roseus/ros/ca_msgs/msg/PlaySong.l
Symlinking /home/nvidia/jetsonbot_ws/devel/share/roseus/ros/ca_msgs/msg/Bumper.l
Symlinking /home/nvidia/jetsonbot_ws/devel/share/roseus/ros/ca_msgs/msg/Mode.l
Symlinking /home/nvidia/jetsonbot_ws/devel/share/ca_msgs/cmake/ca_msgs-msg-paths.cmake
Symlinking /home/nvidia/jetsonbot_ws/devel/share/ca_msgs/cmake/ca_msgs-msg-extras.cmake
Symlinking /home/nvidia/jetsonbot_ws/devel/share/ca_msgs/cmake/ca_msgsConfig.cmake
Symlinking /home/nvidia/jetsonbot_ws/devel/share/ca_msgs/cmake/ca_msgsConfig-version.cmake
Symlinking /home/nvidia/jetsonbot_ws/devel/share/gennodejs/ros/ca_msgs/_index.js
Symlinking /home/nvidia/jetsonbot_ws/devel/share/gennodejs/ros/ca_msgs/msg/ChargingState.js
Symlinking /home/nvidia/jetsonbot_ws/devel/share/gennodejs/ros/ca_msgs/msg/PlaySong.js
Symlinking /home/nvidia/jetsonbot_ws/devel/share/gennodejs/ros/ca_msgs/msg/Mode.js
Symlinking /home/nvidia/jetsonbot_ws/devel/share/gennodejs/ros/ca_msgs/msg/Bumper.js
Symlinking /home/nvidia/jetsonbot_ws/devel/share/gennodejs/ros/ca_msgs/msg/_index.js
Symlinking /home/nvidia/jetsonbot_ws/devel/share/gennodejs/ros/ca_msgs/msg/DefineSong.js
Symlinking /home/nvidia/jetsonbot_ws/devel/share/common-lisp/ros/ca_msgs/msg/ChargingState.lisp
Symlinking /home/nvidia/jetsonbot_ws/devel/share/common-lisp/ros/ca_msgs/msg/_package.lisp
Symlinking /home/nvidia/jetsonbot_ws/devel/share/common-lisp/ros/ca_msgs/msg/_package_DefineSong.lisp
Symlinking /home/nvidia/jetsonbot_ws/devel/share/common-lisp/ros/ca_msgs/msg/_package_ChargingState.lisp
Symlinking /home/nvidia/jetsonbot_ws/devel/share/common-lisp/ros/ca_msgs/msg/DefineSong.lisp
Symlinking /home/nvidia/jetsonbot_ws/devel/share/common-lisp/ros/ca_msgs/msg/ca_msgs-msg.asd
Symlinking /home/nvidia/jetsonbot_ws/devel/share/common-lisp/ros/ca_msgs/msg/Mode.lisp
Symlinking /home/nvidia/jetsonbot_ws/devel/share/common-lisp/ros/ca_msgs/msg/Bumper.lisp
Symlinking /home/nvidia/jetsonbot_ws/devel/share/common-lisp/ros/ca_msgs/msg/PlaySong.lisp
Symlinking /home/nvidia/jetsonbot_ws/devel/share/common-lisp/ros/ca_msgs/msg/_package_PlaySong.lisp
Symlinking /home/nvidia/jetsonbot_ws/devel/share/common-lisp/ros/ca_msgs/msg/_package_Mode.lisp
Symlinking /home/nvidia/jetsonbot_ws/devel/share/common-lisp/ros/ca_msgs/msg/_package_Bumper.lisp
Symlinking /home/nvidia/jetsonbot_ws/devel/include/ca_msgs/ChargingState.h
Symlinking /home/nvidia/jetsonbot_ws/devel/include/ca_msgs/Bumper.h
Symlinking /home/nvidia/jetsonbot_ws/devel/include/ca_msgs/Mode.h
Symlinking /home/nvidia/jetsonbot_ws/devel/include/ca_msgs/PlaySong.h
Symlinking /home/nvidia/jetsonbot_ws/devel/include/ca_msgs/DefineSong.h
Symlinking /home/nvidia/jetsonbot_ws/devel/lib/pkgconfig/ca_msgs.pc
Symlinking /home/nvidia/jetsonbot_ws/devel/lib/python2.7/dist-packages/ca_msgs/__init__.py
Symlinking /home/nvidia/jetsonbot_ws/devel/lib/python2.7/dist-packages/ca_msgs/msg/_ChargingState.py
Symlinking /home/nvidia/jetsonbot_ws/devel/lib/python2.7/dist-packages/ca_msgs/msg/_DefineSong.py
Symlinking /home/nvidia/jetsonbot_ws/devel/lib/python2.7/dist-packages/ca_msgs/msg/_PlaySong.py
Symlinking /home/nvidia/jetsonbot_ws/devel/lib/python2.7/dist-packages/ca_msgs/msg/_Bumper.py
Symlinking /home/nvidia/jetsonbot_ws/devel/lib/python2.7/dist-packages/ca_msgs/msg/__init__.py
Symlinking /home/nvidia/jetsonbot_ws/devel/lib/python2.7/dist-packages/ca_msgs/msg/_Mode.py
