Determining if the pthread_create exist failed with the following output:
Change Dir: /home/nvidia/jetsonbot_ws/build/ca_tools/CMakeFiles/CMakeTmp

Run Build Command:"/usr/bin/make" "cmTC_59ddc/fast"
/usr/bin/make -f CMakeFiles/cmTC_59ddc.dir/build.make CMakeFiles/cmTC_59ddc.dir/build
make[1]: Entering directory '/home/nvidia/jetsonbot_ws/build/ca_tools/CMakeFiles/CMakeTmp'
Building C object CMakeFiles/cmTC_59ddc.dir/CheckSymbolExists.c.o
/usr/bin/cc     -o CMakeFiles/cmTC_59ddc.dir/CheckSymbolExists.c.o   -c /home/nvidia/jetsonbot_ws/build/ca_tools/CMakeFiles/CMakeTmp/CheckSymbolExists.c
Linking C executable cmTC_59ddc
/usr/bin/cmake -E cmake_link_script CMakeFiles/cmTC_59ddc.dir/link.txt --verbose=1
/usr/bin/cc       CMakeFiles/cmTC_59ddc.dir/CheckSymbolExists.c.o  -o cmTC_59ddc -rdynamic 
CMakeFiles/cmTC_59ddc.dir/CheckSymbolExists.c.o: In function `main':
CheckSymbolExists.c:(.text+0x14): undefined reference to `pthread_create'
CheckSymbolExists.c:(.text+0x18): undefined reference to `pthread_create'
collect2: error: ld returned 1 exit status
CMakeFiles/cmTC_59ddc.dir/build.make:97: recipe for target 'cmTC_59ddc' failed
make[1]: *** [cmTC_59ddc] Error 1
make[1]: Leaving directory '/home/nvidia/jetsonbot_ws/build/ca_tools/CMakeFiles/CMakeTmp'
Makefile:126: recipe for target 'cmTC_59ddc/fast' failed
make: *** [cmTC_59ddc/fast] Error 2

File /home/nvidia/jetsonbot_ws/build/ca_tools/CMakeFiles/CMakeTmp/CheckSymbolExists.c:
/* */
#include <pthread.h>

int main(int argc, char** argv)
{
  (void)argv;
#ifndef pthread_create
  return ((int*)(&pthread_create))[argc];
#else
  (void)argc;
  return 0;
#endif
}

Determining if the function pthread_create exists in the pthreads failed with the following output:
Change Dir: /home/nvidia/jetsonbot_ws/build/ca_tools/CMakeFiles/CMakeTmp

Run Build Command:"/usr/bin/make" "cmTC_29334/fast"
/usr/bin/make -f CMakeFiles/cmTC_29334.dir/build.make CMakeFiles/cmTC_29334.dir/build
make[1]: Entering directory '/home/nvidia/jetsonbot_ws/build/ca_tools/CMakeFiles/CMakeTmp'
Building C object CMakeFiles/cmTC_29334.dir/CheckFunctionExists.c.o
/usr/bin/cc    -DCHECK_FUNCTION_EXISTS=pthread_create   -o CMakeFiles/cmTC_29334.dir/CheckFunctionExists.c.o   -c /usr/share/cmake-3.5/Modules/CheckFunctionExists.c
Linking C executable cmTC_29334
/usr/bin/cmake -E cmake_link_script CMakeFiles/cmTC_29334.dir/link.txt --verbose=1
/usr/bin/cc   -DCHECK_FUNCTION_EXISTS=pthread_create    CMakeFiles/cmTC_29334.dir/CheckFunctionExists.c.o  -o cmTC_29334 -rdynamic -lpthreads 
/usr/bin/ld: cannot find -lpthreads
collect2: error: ld returned 1 exit status
CMakeFiles/cmTC_29334.dir/build.make:97: recipe for target 'cmTC_29334' failed
make[1]: *** [cmTC_29334] Error 1
make[1]: Leaving directory '/home/nvidia/jetsonbot_ws/build/ca_tools/CMakeFiles/CMakeTmp'
Makefile:126: recipe for target 'cmTC_29334/fast' failed
make: *** [cmTC_29334/fast] Error 2


