Determining if the pthread_create exist failed with the following output:
Change Dir: /home/nvidia/jetsonbot_ws/build/catkin_tools_prebuild/CMakeFiles/CMakeTmp

Run Build Command:"/usr/bin/make" "cmTC_38837/fast"
/usr/bin/make -f CMakeFiles/cmTC_38837.dir/build.make CMakeFiles/cmTC_38837.dir/build
make[1]: Entering directory '/home/nvidia/jetsonbot_ws/build/catkin_tools_prebuild/CMakeFiles/CMakeTmp'
Building C object CMakeFiles/cmTC_38837.dir/CheckSymbolExists.c.o
/usr/bin/cc     -o CMakeFiles/cmTC_38837.dir/CheckSymbolExists.c.o   -c /home/nvidia/jetsonbot_ws/build/catkin_tools_prebuild/CMakeFiles/CMakeTmp/CheckSymbolExists.c
Linking C executable cmTC_38837
/usr/bin/cmake -E cmake_link_script CMakeFiles/cmTC_38837.dir/link.txt --verbose=1
/usr/bin/cc       CMakeFiles/cmTC_38837.dir/CheckSymbolExists.c.o  -o cmTC_38837 -rdynamic 
CMakeFiles/cmTC_38837.dir/CheckSymbolExists.c.o: In function `main':
CheckSymbolExists.c:(.text+0x14): undefined reference to `pthread_create'
CheckSymbolExists.c:(.text+0x18): undefined reference to `pthread_create'
collect2: error: ld returned 1 exit status
CMakeFiles/cmTC_38837.dir/build.make:97: recipe for target 'cmTC_38837' failed
make[1]: *** [cmTC_38837] Error 1
make[1]: Leaving directory '/home/nvidia/jetsonbot_ws/build/catkin_tools_prebuild/CMakeFiles/CMakeTmp'
Makefile:126: recipe for target 'cmTC_38837/fast' failed
make: *** [cmTC_38837/fast] Error 2

File /home/nvidia/jetsonbot_ws/build/catkin_tools_prebuild/CMakeFiles/CMakeTmp/CheckSymbolExists.c:
/* */
#include <pthread.h>

int main(int argc, char** argv)
{
  (void)argv;
#ifndef pthread_create
  return ((int*)(&pthread_create))[argc];
#else
  (void)argc;
  return 0;
#endif
}

Determining if the function pthread_create exists in the pthreads failed with the following output:
Change Dir: /home/nvidia/jetsonbot_ws/build/catkin_tools_prebuild/CMakeFiles/CMakeTmp

Run Build Command:"/usr/bin/make" "cmTC_1421e/fast"
/usr/bin/make -f CMakeFiles/cmTC_1421e.dir/build.make CMakeFiles/cmTC_1421e.dir/build
make[1]: Entering directory '/home/nvidia/jetsonbot_ws/build/catkin_tools_prebuild/CMakeFiles/CMakeTmp'
Building C object CMakeFiles/cmTC_1421e.dir/CheckFunctionExists.c.o
/usr/bin/cc    -DCHECK_FUNCTION_EXISTS=pthread_create   -o CMakeFiles/cmTC_1421e.dir/CheckFunctionExists.c.o   -c /usr/share/cmake-3.5/Modules/CheckFunctionExists.c
Linking C executable cmTC_1421e
/usr/bin/cmake -E cmake_link_script CMakeFiles/cmTC_1421e.dir/link.txt --verbose=1
/usr/bin/cc   -DCHECK_FUNCTION_EXISTS=pthread_create    CMakeFiles/cmTC_1421e.dir/CheckFunctionExists.c.o  -o cmTC_1421e -rdynamic -lpthreads 
/usr/bin/ld: cannot find -lpthreads
collect2: error: ld returned 1 exit status
CMakeFiles/cmTC_1421e.dir/build.make:97: recipe for target 'cmTC_1421e' failed
make[1]: *** [cmTC_1421e] Error 1
make[1]: Leaving directory '/home/nvidia/jetsonbot_ws/build/catkin_tools_prebuild/CMakeFiles/CMakeTmp'
Makefile:126: recipe for target 'cmTC_1421e/fast' failed
make: *** [cmTC_1421e/fast] Error 2


