Symlinking /home/nvidia/jetsonbot_ws/devel/share/roseus/ros/astra_camera/manifest.l
Symlinking /home/nvidia/jetsonbot_ws/devel/share/roseus/ros/astra_camera/srv/GetSerial.l
Symlinking /home/nvidia/jetsonbot_ws/devel/share/gennodejs/ros/astra_camera/_index.js
Symlinking /home/nvidia/jetsonbot_ws/devel/share/gennodejs/ros/astra_camera/srv/_index.js
Symlinking /home/nvidia/jetsonbot_ws/devel/share/gennodejs/ros/astra_camera/srv/GetSerial.js
Symlinking /home/nvidia/jetsonbot_ws/devel/share/common-lisp/ros/astra_camera/srv/_package.lisp
Symlinking /home/nvidia/jetsonbot_ws/devel/share/common-lisp/ros/astra_camera/srv/astra_camera-srv.asd
Symlinking /home/nvidia/jetsonbot_ws/devel/share/common-lisp/ros/astra_camera/srv/GetSerial.lisp
Symlinking /home/nvidia/jetsonbot_ws/devel/share/common-lisp/ros/astra_camera/srv/_package_GetSerial.lisp
Symlinking /home/nvidia/jetsonbot_ws/devel/share/astra_camera/cmake/astra_cameraConfig-version.cmake
Symlinking /home/nvidia/jetsonbot_ws/devel/share/astra_camera/cmake/astra_camera-msg-extras.cmake
Symlinking /home/nvidia/jetsonbot_ws/devel/share/astra_camera/cmake/astra_camera-msg-paths.cmake
Symlinking /home/nvidia/jetsonbot_ws/devel/share/astra_camera/cmake/astra_cameraConfig.cmake
Symlinking /home/nvidia/jetsonbot_ws/devel/share/astra_camera/docs/AstraConfig.wikidoc
Symlinking /home/nvidia/jetsonbot_ws/devel/share/astra_camera/docs/AstraConfig-usage.dox
Symlinking /home/nvidia/jetsonbot_ws/devel/share/astra_camera/docs/AstraConfig.dox
Symlinking /home/nvidia/jetsonbot_ws/devel/include/astra_camera/AstraConfig.h
Symlinking /home/nvidia/jetsonbot_ws/devel/include/astra_camera/GetSerialResponse.h
Symlinking /home/nvidia/jetsonbot_ws/devel/include/astra_camera/GetSerial.h
Symlinking /home/nvidia/jetsonbot_ws/devel/include/astra_camera/GetSerialRequest.h
Symlinking /home/nvidia/jetsonbot_ws/devel/lib/libastra_driver_lib.so
Symlinking /home/nvidia/jetsonbot_ws/devel/lib/libastra_wrapper.so
Symlinking /home/nvidia/jetsonbot_ws/devel/lib/libastra_camera_nodelet.so
Symlinking /home/nvidia/jetsonbot_ws/devel/lib/pkgconfig/astra_camera.pc
Symlinking /home/nvidia/jetsonbot_ws/devel/lib/astra_camera/astra_camera_node
Symlinking /home/nvidia/jetsonbot_ws/devel/lib/astra_camera/astra_usb_reset
Symlinking /home/nvidia/jetsonbot_ws/devel/lib/astra_camera/astra_list_devices
Symlinking /home/nvidia/jetsonbot_ws/devel/lib/astra_camera/astra_test_wrapper
Symlinking /home/nvidia/jetsonbot_ws/devel/lib/python2.7/dist-packages/astra_camera/__init__.py
Symlinking /home/nvidia/jetsonbot_ws/devel/lib/python2.7/dist-packages/astra_camera/cfg/AstraConfig.py
Symlinking /home/nvidia/jetsonbot_ws/devel/lib/python2.7/dist-packages/astra_camera/cfg/__init__.py
Symlinking /home/nvidia/jetsonbot_ws/devel/lib/python2.7/dist-packages/astra_camera/srv/__init__.py
Symlinking /home/nvidia/jetsonbot_ws/devel/lib/python2.7/dist-packages/astra_camera/srv/_GetSerial.py
