Determining if the pthread_create exist failed with the following output:
Change Dir: /home/nvidia/jetsonbot_ws/build/ca_description/CMakeFiles/CMakeTmp

Run Build Command:"/usr/bin/make" "cmTC_39e3c/fast"
/usr/bin/make -f CMakeFiles/cmTC_39e3c.dir/build.make CMakeFiles/cmTC_39e3c.dir/build
make[1]: Entering directory '/home/nvidia/jetsonbot_ws/build/ca_description/CMakeFiles/CMakeTmp'
Building C object CMakeFiles/cmTC_39e3c.dir/CheckSymbolExists.c.o
/usr/bin/cc     -o CMakeFiles/cmTC_39e3c.dir/CheckSymbolExists.c.o   -c /home/nvidia/jetsonbot_ws/build/ca_description/CMakeFiles/CMakeTmp/CheckSymbolExists.c
Linking C executable cmTC_39e3c
/usr/bin/cmake -E cmake_link_script CMakeFiles/cmTC_39e3c.dir/link.txt --verbose=1
/usr/bin/cc       CMakeFiles/cmTC_39e3c.dir/CheckSymbolExists.c.o  -o cmTC_39e3c -rdynamic 
CMakeFiles/cmTC_39e3c.dir/CheckSymbolExists.c.o: In function `main':
CheckSymbolExists.c:(.text+0x14): undefined reference to `pthread_create'
CheckSymbolExists.c:(.text+0x18): undefined reference to `pthread_create'
collect2: error: ld returned 1 exit status
CMakeFiles/cmTC_39e3c.dir/build.make:97: recipe for target 'cmTC_39e3c' failed
make[1]: *** [cmTC_39e3c] Error 1
make[1]: Leaving directory '/home/nvidia/jetsonbot_ws/build/ca_description/CMakeFiles/CMakeTmp'
Makefile:126: recipe for target 'cmTC_39e3c/fast' failed
make: *** [cmTC_39e3c/fast] Error 2

File /home/nvidia/jetsonbot_ws/build/ca_description/CMakeFiles/CMakeTmp/CheckSymbolExists.c:
/* */
#include <pthread.h>

int main(int argc, char** argv)
{
  (void)argv;
#ifndef pthread_create
  return ((int*)(&pthread_create))[argc];
#else
  (void)argc;
  return 0;
#endif
}

Determining if the function pthread_create exists in the pthreads failed with the following output:
Change Dir: /home/nvidia/jetsonbot_ws/build/ca_description/CMakeFiles/CMakeTmp

Run Build Command:"/usr/bin/make" "cmTC_01369/fast"
/usr/bin/make -f CMakeFiles/cmTC_01369.dir/build.make CMakeFiles/cmTC_01369.dir/build
make[1]: Entering directory '/home/nvidia/jetsonbot_ws/build/ca_description/CMakeFiles/CMakeTmp'
Building C object CMakeFiles/cmTC_01369.dir/CheckFunctionExists.c.o
/usr/bin/cc    -DCHECK_FUNCTION_EXISTS=pthread_create   -o CMakeFiles/cmTC_01369.dir/CheckFunctionExists.c.o   -c /usr/share/cmake-3.5/Modules/CheckFunctionExists.c
Linking C executable cmTC_01369
/usr/bin/cmake -E cmake_link_script CMakeFiles/cmTC_01369.dir/link.txt --verbose=1
/usr/bin/cc   -DCHECK_FUNCTION_EXISTS=pthread_create    CMakeFiles/cmTC_01369.dir/CheckFunctionExists.c.o  -o cmTC_01369 -rdynamic -lpthreads 
/usr/bin/ld: cannot find -lpthreads
collect2: error: ld returned 1 exit status
CMakeFiles/cmTC_01369.dir/build.make:97: recipe for target 'cmTC_01369' failed
make[1]: *** [cmTC_01369] Error 1
make[1]: Leaving directory '/home/nvidia/jetsonbot_ws/build/ca_description/CMakeFiles/CMakeTmp'
Makefile:126: recipe for target 'cmTC_01369/fast' failed
make: *** [cmTC_01369/fast] Error 2


